<?xml version="1.0" encoding="UTF-8"?>
<testsuite xmlns:xsi="http://www.w3.org/2001/XMLSchema-instance" xsi:noNamespaceSchemaLocation="https://maven.apache.org/surefire/maven-surefire-plugin/xsd/surefire-test-report-3.0.xsd" version="3.0" name="unit.logarithm.LnTest" time="0.043" tests="21" errors="0" skipped="0" failures="0">
  <properties>
[...]
</properties>
  <testcase name="testAndSaveLnResults" classname="unit.logarithm.LnTest" time="0.004">
    <system-out><![CDATA[File created: src/test/resources/ln_result.csv
]]></system-out>
  </testcase>
  <testcase name="testInvalidValues(double)[1]" classname="unit.logarithm.LnTest" time="0.002"/>
  <testcase name="testInvalidValues(double)[2]" classname="unit.logarithm.LnTest" time="0.0"/>
  <testcase name="testInvalidValues(double)[3]" classname="unit.logarithm.LnTest" time="0.0"/>
  <testcase name="testInvalidValues(double)[4]" classname="unit.logarithm.LnTest" time="0.0"/>
  <testcase name="testInvalidValues(double)[5]" classname="unit.logarithm.LnTest" time="0.001"/>
  <testcase name="testInvalidValues(double)[6]" classname="unit.logarithm.LnTest" time="0.0"/>
  <testcase name="testInvalidValues(double)[7]" classname="unit.logarithm.LnTest" time="0.0"/>
  <testcase name="testInvalidValues(double)[8]" classname="unit.logarithm.LnTest" time="0.001"/>
  <testcase name="testInvalidValues(double)[9]" classname="unit.logarithm.LnTest" time="0.0"/>
  <testcase name="testNaturalLogarithmOfOne" classname="unit.logarithm.LnTest" time="0.0"/>
  <testcase name="testValidValues(double)[1]" classname="unit.logarithm.LnTest" time="0.0"/>
  <testcase name="testValidValues(double)[2]" classname="unit.logarithm.LnTest" time="0.0"/>
  <testcase name="testValidValues(double)[3]" classname="unit.logarithm.LnTest" time="0.0"/>
  <testcase name="testValidValues(double)[4]" classname="unit.logarithm.LnTest" time="0.0"/>
  <testcase name="testValidValues(double)[5]" classname="unit.logarithm.LnTest" time="0.0"/>
  <testcase name="testValidValues(double)[6]" classname="unit.logarithm.LnTest" time="0.0"/>
  <testcase name="testValidValues(double)[7]" classname="unit.logarithm.LnTest" time="0.001"/>
  <testcase name="testValidValues(double)[8]" classname="unit.logarithm.LnTest" time="0.0"/>
  <testcase name="testValidValues(double)[9]" classname="unit.logarithm.LnTest" time="0.0"/>
  <testcase name="testValidValues(double)[10]" classname="unit.logarithm.LnTest" time="0.001"/>
</testsuite>